<?xml version="1.0" encoding="UTF-8"?>
<testsuite xmlns:xsi="http://www.w3.org/2001/XMLSchema-instance" xsi:noNamespaceSchemaLocation="https://maven.apache.org/surefire/maven-surefire-plugin/xsd/surefire-test-report.xsd" name="br.com.ntconsult.cooperativa.service.impl.SubjectServiceImplTest" time="0.048" tests="5" errors="0" skipped="0" failures="0">
  <properties>
[...]
</properties>
  <testcase name="testFindAll" classname="br.com.ntconsult.cooperativa.service.impl.SubjectServiceImplTest" time="0.01"/>
  <testcase name="testFindOne" classname="br.com.ntconsult.cooperativa.service.impl.SubjectServiceImplTest" time="0.011"/>
  <testcase name="testSaveASubjectInTheDataBaseWhenSubjectIsBlank" classname="br.com.ntconsult.cooperativa.service.impl.SubjectServiceImplTest" time="0.005"/>
  <testcase name="testSaveASubjectInTheDataBaseWhenSubjectIsNull" classname="br.com.ntconsult.cooperativa.service.impl.SubjectServiceImplTest" time="0.004"/>
  <testcase name="testSaveASubjectInTheDataBase" classname="br.com.ntconsult.cooperativa.service.impl.SubjectServiceImplTest" time="0.01"/>
</testsuite>